Arguments: 
  C:\Program Files\nodejs\node.exe C:\Program Files (x86)\Yarn\bin\yarn.js add -D @assemblyscript/loader

PATH: 
  C:\Users\togekk\Documents\web\emsdk;C:\Users\togekk\Documents\web\emsdk\clang\e1.37.28_64bit;C:\Users\togekk\Documents\web\emsdk\node\4.1.1_64bit\bin;C:\Users\togekk\Documents\web\emsdk\python\2.7.5.3_64bit;C:\Users\togekk\Documents\web\emsdk\java\7.45_64bit\bin;C:\Users\togekk\Documents\web\emsdk\emscripten\1.37.28;C:\Program Files (x86)\Common Files\Intel\Shared Libraries\redist\intel64\compiler;C:\Program Files\Broadcom\Broadcom 802.11 Network Adapter\Driver;C:\Program Files (x86)\Intel\TXE Components\TCS\;C:\Program Files\Intel\TXE Components\TCS\;C:\WINDOWS\system32;C:\WINDOWS;C:\Program Files\Intel\TXE Components\DAL\;C:\Program Files (x86)\Intel\TXE Components\DAL\;C:\Program Files\Intel\TXE Components\IPT\;C:\Program Files (x86)\Intel\TXE Components\IPT\;C:\Users\togekk\AppData\Local\Microsoft\WindowsApps;C:\adb;C:\Program Files\Git\cmd;C:\Program Files (x86)\GtkSharp\2.12\bin;C:\Program Files\Emscripten\node\0.12.2_64bit;C:\WINDOWS\System32\Wbem;C:\WINDOWS\System32\WindowsPowerShell\v1.0\;C:\ProgramData\chocolatey\bin;C:\Program Files (x86)\Yarn\bin\;C:\Program Files\nodejs\;C:\WINDOWS\System32\OpenSSH\;C:\Users\togekk\.cargo\bin;C:\NVPACK\android-sdk-windows\extras\android\support;C:\NVPACK\android-sdk-windows\build-tools;C:\NVPACK\android-sdk-windows\platform-tools;C:\NVPACK\android-sdk-windows\tools;C:\NVPACK\gradle-2.9\bin;C:\NVPACK\jdk1.8\bin;;C:\Python27;;C:\Program Files\Microsoft VS Code\bin;C:\Users\togekk\Documents\web\emsdk\emscripten;C:\Program Files\CMake\bin;C:\Program Files (x86)\Microsoft Visual Studio\2017\BuildTools\MSBuild\15.0\Bin;C:\Users\togekk\Documents\web\binaryen\build\bin;C:\Users\togekk\AppData\Local\Yarn\bin;C:\Users\togekk\AppData\Roaming\npm;C:\Users\togekk\AppData\Local\Microsoft\WindowsApps;

Yarn version: 
  1.7.0

Node version: 
  9.11.1

Platform: 
  win32 x64

Trace: 
  Error: https://registry.yarnpkg.com/@assemblyscript%2floader: Not found
      at Request.params.callback [as _callback] (C:\Program Files (x86)\Yarn\lib\cli.js:65656:18)
      at Request.self.callback (C:\Program Files (x86)\Yarn\lib\cli.js:134675:22)
      at Request.emit (events.js:180:13)
      at Request.<anonymous> (C:\Program Files (x86)\Yarn\lib\cli.js:135658:10)
      at Request.emit (events.js:180:13)
      at IncomingMessage.<anonymous> (C:\Program Files (x86)\Yarn\lib\cli.js:135578:12)
      at Object.onceWrapper (events.js:272:13)
      at IncomingMessage.emit (events.js:185:15)
      at endReadableNT (_stream_readable.js:1106:12)
      at process._tickCallback (internal/process/next_tick.js:178:19)

npm manifest: 
  {
    "scripts": {
      "asbuild:untouched": "asc assembly/index.ts -b build/untouched.wasm -t build/untouched.wat --sourceMap --validate",
      "asbuild:optimized": "asc assembly/index.ts -b build/optimized.wasm -t build/optimized.wat --sourceMap --validate --optimize --noDebug",
      "asbuild": "npm run asbuild:untouched && npm run asbuild:optimized"
    }
  }

yarn manifest: 
  No manifest

Lockfile: 
  No lockfile
